<?xml version="1.0" encoding="UTF-8"?>
<Site BuildName="Linux-g++"
	BuildStamp="20241123-1041-Experimental"
	Name="m00n-key-HP-255-G8-Notebook-PC"
	Generator="ctest-3.28.3"
	CompilerName="g++"
	CompilerVersion="18.1.3"
	OSName="Linux"
	Hostname="m00n-key-HP-255-G8-Notebook-PC"
	OSRelease="6.8.0-49-generic"
	OSVersion="#49-Ubuntu SMP PREEMPT_DYNAMIC Mon Nov  4 02:06:24 UTC 2024"
	OSPlatform="x86_64"
	Is64Bits="1"
	VendorString="AuthenticAMD"
	VendorID="Advanced Micro Devices"
	FamilyID="23"
	ModelID="24"
	ProcessorCacheSize="512"
	NumberOfLogicalCPU="4"
	NumberOfPhysicalCPU="2"
	TotalVirtualMemory="4095"
	TotalPhysicalMemory="5864"
	LogicalProcessorsPerPhysical="2"
	ProcessorClockFrequency="1594.54"
	>
	<Testing>
		<StartDateTime>Nov 23 16:04 MSK</StartDateTime>
		<StartTestTime>1732367085</StartTestTime>
		<TestList/>
		<EndDateTime>Nov 23 16:04 MSK</EndDateTime>
		<EndTestTime>1732367085</EndTestTime>
		<ElapsedMinutes>0</ElapsedMinutes>
	</Testing>
</Site>
