<?xml version="1.0" encoding="UTF-8"?>
<Site BuildName="Linux-g++"
	BuildStamp="20241213-2203-Experimental"
	Name="m00n-key-HP-255-G8-Notebook-PC"
	Generator="ctest-3.28.3"
	CompilerName="g++"
	CompilerVersion="18.1.3"
	OSName="Linux"
	Hostname="m00n-key-HP-255-G8-Notebook-PC"
	OSRelease="6.8.0-50-generic"
	OSVersion="#51-Ubuntu SMP PREEMPT_DYNAMIC Sat Nov  9 17:58:29 UTC 2024"
	OSPlatform="x86_64"
	Is64Bits="1"
	VendorString="AuthenticAMD"
	VendorID="Advanced Micro Devices"
	FamilyID="23"
	ModelID="24"
	ProcessorCacheSize="512"
	NumberOfLogicalCPU="4"
	NumberOfPhysicalCPU="2"
	TotalVirtualMemory="4095"
	TotalPhysicalMemory="5864"
	LogicalProcessorsPerPhysical="2"
	ProcessorClockFrequency="2580.38"
	>
	<Testing>
		<StartDateTime>Dec 14 01:03 MSK</StartDateTime>
		<StartTestTime>1734127393</StartTestTime>
		<TestList/>
		<EndDateTime>Dec 14 01:03 MSK</EndDateTime>
		<EndTestTime>1734127393</EndTestTime>
		<ElapsedMinutes>0</ElapsedMinutes>
	</Testing>
</Site>
